Build started 2015-12-08 12:23:40 AM.
     1>Project "H:\Developer\cpsc501_a4\Convolve\Convolve\Convolve.vcxproj" on node 2 (Build target(s)).
     1>ClCompile:
         H:\Program Files\Visual Studio 2013\VC\bin\CL.exe /c /ZI /nologo /W3 /WX- /sdl /Od /Oy- /D WIN32 /D _DEBUG /D _CONSOLE /D _LIB /D _UNICODE /D UNICODE /Gm /EHsc /RTC1 /MDd /GS /fp:precise /Zc:wchar_t /Zc:forScope /Fo"Debug\\" /Fd"Debug\vc120.pdb" /Gd /TC /analyze- /errorReport:prompt Convolve.c
         Convolve.c
     1>h:\developer\cpsc501_a4\convolve\convolve\convolve.c(362): warning C4133: 'function' : incompatible types - from 'short *' to 'float *'
     1>h:\developer\cpsc501_a4\convolve\convolve\convolve.c(292): warning C4716: 'saveWave' : must return a value
     1>h:\developer\cpsc501_a4\convolve\convolve\convolve.c(362): error C4700: uninitialized local variable 'outputSignal' used
     1>Done Building Project "H:\Developer\cpsc501_a4\Convolve\Convolve\Convolve.vcxproj" (Build target(s)) -- FAILED.

Build FAILED.

Time Elapsed 00:00:00.35
